<?xml version="1.0" encoding="UTF-8"?>
<!-- Generated by org.testng.reporters.JUnitReportReporter -->
<testsuite hostname="EREV332-PC" name="com.erevmax.selenium.RTAdmin.Test_TC05_ProductDetail" tests="3" failures="0" timestamp="3 Nov 2014 11:55:35 GMT" time="84.044" errors="0">
  <testcase name="ProductDetailsSave1" time="23.304" classname="com.erevmax.selenium.RTAdmin.Test_TC05_ProductDetail"/>
  <testcase name="navigateConfigDetailActionPage" time="44.311" classname="com.erevmax.selenium.RTAdmin.Test_TC05_ProductDetail"/>
  <testcase name="ProductDetailsSave1" time="16.429" classname="com.erevmax.selenium.RTAdmin.Test_TC05_ProductDetail"/>
</testsuite> <!-- com.erevmax.selenium.RTAdmin.Test_TC05_ProductDetail -->
