<?xml version="1.0" encoding="UTF-8"?>
<!-- Generated by org.testng.reporters.JUnitReportReporter -->
<testsuite hostname="EREV332-PC" name="com.erevmax.chainConfiguration.tests.ClientChainConfigurationTest" tests="13" failures="0" timestamp="3 Nov 2014 11:39:43 GMT" time="108.214" errors="0">
  <testcase name="chainNameAjaxTest" time="6.886" classname="com.erevmax.chainConfiguration.tests.ClientChainConfigurationTest"/>
  <testcase name="AddChain_currencyErrMsgTest" time="8.457" classname="com.erevmax.chainConfiguration.tests.ClientChainConfigurationTest"/>
  <testcase name="AddChain_resetButtonTest" time="10.749" classname="com.erevmax.chainConfiguration.tests.ClientChainConfigurationTest"/>
  <testcase name="AddChain_chainNameErrMsgTest" time="6.636" classname="com.erevmax.chainConfiguration.tests.ClientChainConfigurationTest"/>
  <testcase name="chainCodeAjaxTest" time="6.316" classname="com.erevmax.chainConfiguration.tests.ClientChainConfigurationTest"/>
  <testcase name="resetButtonTest" time="4.524" classname="com.erevmax.chainConfiguration.tests.ClientChainConfigurationTest"/>
  <testcase name="duplicate_chainCodeMsgTest" time="10.370" classname="com.erevmax.chainConfiguration.tests.ClientChainConfigurationTest"/>
  <testcase name="AddChain_chainCodeErrMsgTest" time="8.978" classname="com.erevmax.chainConfiguration.tests.ClientChainConfigurationTest"/>
  <testcase name="AddChain_statusErrMsgTest" time="8.597" classname="com.erevmax.chainConfiguration.tests.ClientChainConfigurationTest"/>
  <testcase name="AddChain_chainNameErrMsgTest" time="6.616" classname="com.erevmax.chainConfiguration.tests.ClientChainConfigurationTest"/>
  <testcase name="duplicate_chainNameAndCodeMsgTest" time="10.629" classname="com.erevmax.chainConfiguration.tests.ClientChainConfigurationTest"/>
  <testcase name="duplicate_chainNameMsgTest" time="10.709" classname="com.erevmax.chainConfiguration.tests.ClientChainConfigurationTest"/>
  <testcase name="AddChain_chainCodeErrMsgTest" time="8.747" classname="com.erevmax.chainConfiguration.tests.ClientChainConfigurationTest"/>
</testsuite> <!-- com.erevmax.chainConfiguration.tests.ClientChainConfigurationTest -->
