<?xml version="1.0" encoding="UTF-8"?>
<!-- Generated by org.testng.reporters.JUnitReportReporter -->
<testsuite hostname="EREV332-PC" name="DemoLaunch" tests="1" failures="0" timestamp="3 Sep 2014 09:49:53 GMT" time="10.162" errors="0">
  <testcase name="open" time="10.162" classname="DemoLaunch"/>
</testsuite> <!-- DemoLaunch -->
