<?xml version="1.0" encoding="UTF-8"?>
<!-- Generated by org.testng.reporters.JUnitReportReporter -->
<testsuite hostname="EREV332-PC" name="com.erevmax.selenium.RTAdmin.Test_TC08_Preferences_Shopper" tests="3" failures="0" timestamp="3 Nov 2014 12:00:36 GMT" time="98.474" errors="0">
  <testcase name="ShopperPrefSave1" time="20.714" classname="com.erevmax.selenium.RTAdmin.Test_TC08_Preferences_Shopper"/>
  <testcase name="navigateConfigDetailActionPage" time="53.315" classname="com.erevmax.selenium.RTAdmin.Test_TC08_Preferences_Shopper"/>
  <testcase name="ShopperPrefSave1" time="24.445" classname="com.erevmax.selenium.RTAdmin.Test_TC08_Preferences_Shopper"/>
</testsuite> <!-- com.erevmax.selenium.RTAdmin.Test_TC08_Preferences_Shopper -->
