<?xml version="1.0" encoding="UTF-8"?>
<!-- Generated by org.testng.reporters.JUnitReportReporter -->
<testsuite hostname="EREV332-PC" name="com.erevmax.admin.tests.AdminTest" tests="2" failures="0" timestamp="15 Oct 2014 09:07:13 GMT" time="69.722" errors="0">
  <testcase name="navigationToAssignmentsPage" time="39.652" classname="com.erevmax.admin.tests.AdminTest"/>
  <testcase name="configSubModuleTest" time="30.070" classname="com.erevmax.admin.tests.AdminTest"/>
</testsuite> <!-- com.erevmax.admin.tests.AdminTest -->
