<?xml version="1.0" encoding="UTF-8"?>
<!-- Generated by org.testng.reporters.JUnitReportReporter -->
<testsuite hostname="EREV332-PC" name="com.erevmax.selenium.RTAdmin.Test_TC16_Hotelsites" tests="3" failures="0" timestamp="3 Nov 2014 12:19:54 GMT" time="89.111" errors="0">
  <testcase name="HotelSiteViewTest" time="10.509" classname="com.erevmax.selenium.RTAdmin.Test_TC16_Hotelsites"/>
  <testcase name="ShoppingPrefSaveTest" time="29.386" classname="com.erevmax.selenium.RTAdmin.Test_TC16_Hotelsites"/>
  <testcase name="navigateConfigDetailActionPage" time="49.216" classname="com.erevmax.selenium.RTAdmin.Test_TC16_Hotelsites"/>
</testsuite> <!-- com.erevmax.selenium.RTAdmin.Test_TC16_Hotelsites -->
