<?xml version="1.0" encoding="UTF-8"?>
<!-- Generated by org.testng.reporters.JUnitReportReporter -->
<testsuite hostname="EREV332-PC" name="com.erevmax.selenium.RTAdmin.Test_TC01_Dashboard" tests="1" failures="0" timestamp="21 Oct 2014 05:14:42 GMT" time="0.090" errors="0">
  <testcase name="Dashboardtest" time="0.090" classname="com.erevmax.selenium.RTAdmin.Test_TC01_Dashboard"/>
</testsuite> <!-- com.erevmax.selenium.RTAdmin.Test_TC01_Dashboard -->
