<?xml version="1.0" encoding="UTF-8"?>
<!-- Generated by org.testng.reporters.JUnitReportReporter -->
<testsuite hostname="EREV332-PC" name="com.erevmax.selenium.RTAdmin.Test_TC09_Preferences_DailyRateAlert" tests="7" failures="0" timestamp="3 Nov 2014 12:08:39 GMT" time="165.314" errors="0">
  <testcase name="DailyRateAlertPrefVal1" time="22.574" classname="com.erevmax.selenium.RTAdmin.Test_TC09_Preferences_DailyRateAlert"/>
  <testcase name="DailyRateAlertPrefVal2" time="13.319" classname="com.erevmax.selenium.RTAdmin.Test_TC09_Preferences_DailyRateAlert"/>
  <testcase name="DailyRateAlertPrefSave1" time="15.309" classname="com.erevmax.selenium.RTAdmin.Test_TC09_Preferences_DailyRateAlert"/>
  <testcase name="navigateConfigDetailActionPage" time="73.295" classname="com.erevmax.selenium.RTAdmin.Test_TC09_Preferences_DailyRateAlert"/>
  <testcase name="DailyRateAlertPrefVal3" time="12.759" classname="com.erevmax.selenium.RTAdmin.Test_TC09_Preferences_DailyRateAlert"/>
  <testcase name="DailyRateAlertPrefSave1" time="15.299" classname="com.erevmax.selenium.RTAdmin.Test_TC09_Preferences_DailyRateAlert"/>
  <testcase name="DailyRateAlertPrefVal4" time="12.759" classname="com.erevmax.selenium.RTAdmin.Test_TC09_Preferences_DailyRateAlert"/>
</testsuite> <!-- com.erevmax.selenium.RTAdmin.Test_TC09_Preferences_DailyRateAlert -->
