<?xml version="1.0" encoding="UTF-8"?>
<!-- Generated by org.testng.reporters.JUnitReportReporter -->
<testsuite hostname="EREV332-PC" name="com.erevmax.selenium.RTAdmin.Test_TC12_Preferences_Reservation" tests="5" failures="0" timestamp="3 Nov 2014 12:17:42 GMT" time="107.401" errors="0">
  <testcase name="ReservationPrefSave1" time="18.147" classname="com.erevmax.selenium.RTAdmin.Test_TC12_Preferences_Reservation"/>
  <testcase name="CCValidationError" time="8.817" classname="com.erevmax.selenium.RTAdmin.Test_TC12_Preferences_Reservation"/>
  <testcase name="ReservationPrefSave1" time="16.656" classname="com.erevmax.selenium.RTAdmin.Test_TC12_Preferences_Reservation"/>
  <testcase name="navigateConfigDetailActionPage" time="47.295" classname="com.erevmax.selenium.RTAdmin.Test_TC12_Preferences_Reservation"/>
  <testcase name="ReservationPrefSave1" time="16.486" classname="com.erevmax.selenium.RTAdmin.Test_TC12_Preferences_Reservation"/>
</testsuite> <!-- com.erevmax.selenium.RTAdmin.Test_TC12_Preferences_Reservation -->
