<?xml version="1.0" encoding="UTF-8"?>
<!-- Generated by org.testng.reporters.JUnitReportReporter -->
<testsuite hostname="EREV332-PC" name="com.erevmax.selenium.RTAdmin.Test_TC11_Preferences_RTConnect" tests="5" failures="0" timestamp="3 Nov 2014 12:15:09 GMT" time="104.379" errors="0">
  <testcase name="navigateConfigDetailActionPage" time="62.441" classname="com.erevmax.selenium.RTAdmin.Test_TC11_Preferences_RTConnect"/>
  <testcase name="ContextualHelp" time="6.104" classname="com.erevmax.selenium.RTAdmin.Test_TC11_Preferences_RTConnect"/>
  <testcase name="PMSDBatChannelLevelRadioBtnStateTest" time="9.027" classname="com.erevmax.selenium.RTAdmin.Test_TC11_Preferences_RTConnect"/>
  <testcase name="RTConnectPrefSave1" time="14.169" classname="com.erevmax.selenium.RTAdmin.Test_TC11_Preferences_RTConnect"/>
  <testcase name="RTConnectPrefSave1" time="12.638" classname="com.erevmax.selenium.RTAdmin.Test_TC11_Preferences_RTConnect"/>
</testsuite> <!-- com.erevmax.selenium.RTAdmin.Test_TC11_Preferences_RTConnect -->
