<?xml version="1.0" encoding="UTF-8"?>
<!-- Generated by org.testng.reporters.JUnitReportReporter -->
<testsuite hostname="EREV332-PC" name="com.erevmax.configuration.tests.ManageReportTests" tests="2" failures="0" timestamp="20 Oct 2014 11:35:01 GMT" time="82.060" errors="0">
  <testcase name="dailyReportTest" time="31.319" classname="com.erevmax.configuration.tests.ManageReportTests"/>
  <testcase name="checkMREnabled" time="50.741" classname="com.erevmax.configuration.tests.ManageReportTests"/>
</testsuite> <!-- com.erevmax.configuration.tests.ManageReportTests -->
