<?xml version="1.0" encoding="UTF-8"?>
<!-- Generated by org.testng.reporters.JUnitReportReporter -->
<testsuite hostname="EREV332-PC" name="com.erevmax.assignment.tests.DatabaseTest" tests="1" failures="0" timestamp="5 Sep 2014 06:24:28 GMT" time="1.731" errors="0">
  <testcase name="checkDB" time="1.731" classname="com.erevmax.assignment.tests.DatabaseTest"/>
</testsuite> <!-- com.erevmax.assignment.tests.DatabaseTest -->
