<?xml version="1.0" encoding="UTF-8"?>
<!-- Generated by org.testng.reporters.JUnitReportReporter -->
<testsuite hostname="EREV332-PC" name="com.erevmax.chainConfiguration.tests.ChainConfigurationTest" tests="8" failures="0" timestamp="17 Oct 2014 04:57:07 GMT" time="91.199" errors="0">
  <testcase name="editRegionTest" time="13.312" classname="com.erevmax.chainConfiguration.tests.ChainConfigurationTest"/>
  <testcase name="addRegion_regionTypeErrorMsgTest" time="10.860" classname="com.erevmax.chainConfiguration.tests.ChainConfigurationTest"/>
  <testcase name="duplicateRegionNameTest" time="10.059" classname="com.erevmax.chainConfiguration.tests.ChainConfigurationTest"/>
  <testcase name="editRegionErrorMsgTest" time="3.263" classname="com.erevmax.chainConfiguration.tests.ChainConfigurationTest"/>
  <testcase name="addRegion_statusErrorMsgTest" time="9.008" classname="com.erevmax.chainConfiguration.tests.ChainConfigurationTest"/>
  <testcase name="addRegionTest" time="15.944" classname="com.erevmax.chainConfiguration.tests.ChainConfigurationTest"/>
  <testcase name="regionNameLengthTest" time="14.290" classname="com.erevmax.chainConfiguration.tests.ChainConfigurationTest"/>
  <testcase name="addRegionResetButnTest" time="14.463" classname="com.erevmax.chainConfiguration.tests.ChainConfigurationTest"/>
</testsuite> <!-- com.erevmax.chainConfiguration.tests.ChainConfigurationTest -->
