<?xml version="1.0" encoding="UTF-8"?>
<!-- Generated by org.testng.reporters.JUnitReportReporter -->
<testsuite hostname="EREV332-PC" name="com.erevmax.qaportal.viewstatus.tests.QAPortalViewStatusTests" tests="3" failures="0" timestamp="9 Oct 2014 06:00:00 GMT" time="35.317" errors="0">
  <testcase name="totalStatusCountPerHotel" time="14.841" classname="com.erevmax.qaportal.viewstatus.tests.QAPortalViewStatusTests"/>
  <testcase name="totalViewStatusCountTest" time="8.275" classname="com.erevmax.qaportal.viewstatus.tests.QAPortalViewStatusTests"/>
  <testcase name="viewStatusNavigationTest" time="12.201" classname="com.erevmax.qaportal.viewstatus.tests.QAPortalViewStatusTests"/>
</testsuite> <!-- com.erevmax.qaportal.viewstatus.tests.QAPortalViewStatusTests -->
