<?xml version="1.0" encoding="UTF-8"?>
<!-- Generated by org.testng.reporters.JUnitReportReporter -->
<testsuite hostname="EREV332-PC" name="com.erevmax.mysample.Sample.Test1" tests="1" failures="0" timestamp="25 Aug 2014 06:00:44 GMT" time="17.599" errors="0">
  <testcase name="searchTest" time="17.599" classname="com.erevmax.mysample.Sample.Test1"/>
</testsuite> <!-- com.erevmax.mysample.Sample.Test1 -->
