<?xml version="1.0" encoding="UTF-8"?>
<!-- Generated by org.testng.reporters.JUnitReportReporter -->
<testsuite hostname="EREV332-PC" name="com.erevmax.selenium.RTAdmin.Test_TC10_Preferences_RTReview" tests="3" failures="0" timestamp="3 Nov 2014 12:10:33 GMT" time="75.890" errors="0">
  <testcase name="RTReviewPrefSave1" time="11.765" classname="com.erevmax.selenium.RTAdmin.Test_TC10_Preferences_RTReview"/>
  <testcase name="RTReviewPrefSave1" time="11.200" classname="com.erevmax.selenium.RTAdmin.Test_TC10_Preferences_RTReview"/>
  <testcase name="navigateConfigDetailActionPage" time="52.925" classname="com.erevmax.selenium.RTAdmin.Test_TC10_Preferences_RTReview"/>
</testsuite> <!-- com.erevmax.selenium.RTAdmin.Test_TC10_Preferences_RTReview -->
