<?xml version="1.0" encoding="UTF-8"?>
<!-- Generated by org.testng.reporters.JUnitReportReporter -->
<testsuite hostname="EREV332-PC" name="com.erevmax.assignment.tests.AssignmentTests" tests="2" failures="0" timestamp="15 Dec 2014 11:54:35 GMT" time="25.301" errors="0">
  <testcase name="reportRecurrenceTest" time="14.501" classname="com.erevmax.assignment.tests.AssignmentTests"/>
  <testcase name="navigationToAssignmentsPage" time="10.800" classname="com.erevmax.assignment.tests.AssignmentTests"/>
</testsuite> <!-- com.erevmax.assignment.tests.AssignmentTests -->
