<?xml version="1.0" encoding="UTF-8"?>
<!-- Generated by org.testng.reporters.JUnitReportReporter -->
<testsuite hostname="EREV332-PC" name="com.erevmax.assignment.tests.AnnotationDemo" tests="3" failures="0" timestamp="30 Oct 2014 11:21:19 GMT" time="0.009" errors="0">
  <testcase name="TC03_loginValidationMessage" time="0.002" classname="com.erevmax.assignment.tests.AnnotationDemo"/>
  <testcase name="TC02_dologin" time="0.001" classname="com.erevmax.assignment.tests.AnnotationDemo"/>
  <testcase name="TC01_login" time="0.006" classname="com.erevmax.assignment.tests.AnnotationDemo"/>
</testsuite> <!-- com.erevmax.assignment.tests.AnnotationDemo -->
