<?xml version="1.0" encoding="UTF-8"?>
<!-- Generated by org.testng.reporters.JUnitReportReporter -->
<testsuite hostname="EREV332-PC" name="com.erevmax.demolaunch.A" tests="17" failures="0" timestamp="26 Sep 2014 10:29:32 GMT" time="278.936" errors="0">
  <testcase name="viewStatusNavigationTest" time="34.492" classname="com.erevmax.demolaunch.A"/>
  <testcase name="hotelNameTests" time="1.249" classname="com.erevmax.demolaunch.A"/>
  <testcase name="hotelNameTests" time="1.350" classname="com.erevmax.demolaunch.A"/>
  <testcase name="totalStatusCountPerAssigne" time="32.485" classname="com.erevmax.demolaunch.A"/>
  <testcase name="hotelNameTests" time="1.136" classname="com.erevmax.demolaunch.A"/>
  <testcase name="hotelNameTests" time="1.080" classname="com.erevmax.demolaunch.A"/>
  <testcase name="assignedToTest" time="22.621" classname="com.erevmax.demolaunch.A"/>
  <testcase name="totalStatusCountPerAssigne" time="23.080" classname="com.erevmax.demolaunch.A"/>
  <testcase name="qANoteTests" time="12.842" classname="com.erevmax.demolaunch.A"/>
  <testcase name="recurrenceTest" time="14.042" classname="com.erevmax.demolaunch.A"/>
  <testcase name="fetchStatusTests" time="11.101" classname="com.erevmax.demolaunch.A"/>
  <testcase name="totalViewStatusCountTest" time="4.733" classname="com.erevmax.demolaunch.A"/>
  <testcase name="hotelNameTests" time="9.487" classname="com.erevmax.demolaunch.A"/>
  <testcase name="hotelNameTests" time="1.111" classname="com.erevmax.demolaunch.A"/>
  <testcase name="editNoteFieldTest" time="60.627" classname="com.erevmax.demolaunch.A"/>
  <testcase name="totalStatusCountPerHotel" time="23.542" classname="com.erevmax.demolaunch.A"/>
  <testcase name="totalStatusCountPerAssigne" time="23.958" classname="com.erevmax.demolaunch.A"/>
</testsuite> <!-- com.erevmax.demolaunch.A -->
