<?xml version="1.0" encoding="UTF-8"?>
<!-- Generated by org.testng.reporters.JUnitReportReporter -->
<testsuite hostname="EREV332-PC" name="com.erevmax.assignment.tests.DashboardViewDatabaseTest" tests="1" failures="0" timestamp="11 Sep 2014 12:09:41 GMT" time="0.010" errors="0">
  <testcase name="a" time="0.010" classname="com.erevmax.assignment.tests.DashboardViewDatabaseTest"/>
</testsuite> <!-- com.erevmax.assignment.tests.DashboardViewDatabaseTest -->
