<?xml version="1.0" encoding="UTF-8"?>
<!-- Generated by org.testng.reporters.JUnitReportReporter -->
<testsuite hostname="EREV332-PC" name="com.erevmax.selenium.RTAdmin.Test_TC06_ContactDetail" tests="3" failures="0" timestamp="3 Nov 2014 11:58:24 GMT" time="123.871" errors="0">
  <testcase name="SaveContactandMemberDetail1_Test" time="31.197" classname="com.erevmax.selenium.RTAdmin.Test_TC06_ContactDetail"/>
  <testcase name="navigateConfigDetailActionPage" time="62.896" classname="com.erevmax.selenium.RTAdmin.Test_TC06_ContactDetail"/>
  <testcase name="SaveContactandMemberDetail1_Test" time="29.778" classname="com.erevmax.selenium.RTAdmin.Test_TC06_ContactDetail"/>
</testsuite> <!-- com.erevmax.selenium.RTAdmin.Test_TC06_ContactDetail -->
