<?xml version="1.0" encoding="UTF-8"?>
<!-- Generated by org.testng.reporters.JUnitReportReporter -->
<testsuite hostname="EREV332-PC" name="com.erevmax.demolaunch.DemoLaunch" tests="1" failures="0" timestamp="24 Sep 2014 06:57:31 GMT" time="2.001" errors="0">
  <testcase name="open" time="2.001" classname="com.erevmax.demolaunch.DemoLaunch"/>
</testsuite> <!-- com.erevmax.demolaunch.DemoLaunch -->
