<?xml version="1.0" encoding="UTF-8"?>
<!-- Generated by org.testng.reporters.JUnitReportReporter -->
<testsuite hostname="EREV332-PC" name="com.erevmax.assignment.tests.MockTest" tests="1" failures="0" timestamp="9 Oct 2014 06:45:34 GMT" time="0.260" errors="0">
  <testcase name="login" time="0.260" classname="com.erevmax.assignment.tests.MockTest"/>
</testsuite> <!-- com.erevmax.assignment.tests.MockTest -->
