<?xml version="1.0" encoding="UTF-8"?>
<!-- Generated by org.testng.reporters.JUnitReportReporter -->
<testsuite hostname="EREV332-PC" name="com.erevmax.baseTest.TestBase" tests="1" failures="0" timestamp="17 Oct 2014 06:36:56 GMT" time="0.006" errors="0">
  <testcase name="a" time="0.006" classname="com.erevmax.baseTest.TestBase"/>
</testsuite> <!-- com.erevmax.baseTest.TestBase -->
