<?xml version="1.0" encoding="UTF-8"?>
<!-- Generated by org.testng.reporters.JUnitReportReporter -->
<testsuite hostname="EREV332-PC" name="com.erevmax.selenium.RTAdmin.Test_TC04_SubscriptionDetail" tests="3" failures="0" timestamp="3 Nov 2014 11:53:36 GMT" time="98.142" errors="0">
  <testcase name="SubscriptionDetailsSave1" time="27.045" classname="com.erevmax.selenium.RTAdmin.Test_TC04_SubscriptionDetail"/>
  <testcase name="navigateConfigDetailActionPage" time="52.212" classname="com.erevmax.selenium.RTAdmin.Test_TC04_SubscriptionDetail"/>
  <testcase name="SubscriptionDetailsSave1" time="18.885" classname="com.erevmax.selenium.RTAdmin.Test_TC04_SubscriptionDetail"/>
</testsuite> <!-- com.erevmax.selenium.RTAdmin.Test_TC04_SubscriptionDetail -->
